  Grid.cpp
D:\Project\CPP\HybirdGrains\Grid.cpp(35,23): warning C4244: “初始化”: 从“float”转换到“int”，可能丢失数据
D:\Project\CPP\HybirdGrains\Grid.cpp(75,10): warning C4244: “初始化”: 从“T”转换到“int”，可能丢失数据
          with
          [
              T=float
          ]
D:\Project\CPP\HybirdGrains\Grid.cpp(75,34): warning C4244: “初始化”: 从“T”转换到“int”，可能丢失数据
          with
          [
              T=float
          ]
D:\Project\CPP\HybirdGrains\Grid.cpp(108,10): warning C4244: “初始化”: 从“T”转换到“int”，可能丢失数据
          with
          [
              T=float
          ]
D:\Project\CPP\HybirdGrains\Grid.cpp(108,34): warning C4244: “初始化”: 从“T”转换到“int”，可能丢失数据
          with
          [
              T=float
          ]
D:\Project\CPP\HybirdGrains\Grid.cpp(200,10): warning C4244: “初始化”: 从“T”转换到“int”，可能丢失数据
          with
          [
              T=float
          ]
D:\Project\CPP\HybirdGrains\Grid.cpp(200,34): warning C4244: “初始化”: 从“T”转换到“int”，可能丢失数据
          with
          [
              T=float
          ]
  HybirdGrains.vcxproj -> D:\Project\CPP\HybirdGrains\Debug\HybirdGrains.exe
